<?xml version="1.0" encoding="UTF-8"?>
<testsuite xmlns:xsi="http://www.w3.org/2001/XMLSchema-instance" xsi:noNamespaceSchemaLocation="https://maven.apache.org/surefire/maven-surefire-plugin/xsd/surefire-test-report-3.0.xsd" version="3.0" name="com.compiler.TokenGeneratorTest" time="0.149" tests="13" errors="0" skipped="0" failures="0">
  <properties>
[...]
</properties>
  <testcase name="testEmptyInput" classname="com.compiler.TokenGeneratorTest" time="0.013"/>
  <testcase name="testUnknownCharacters" classname="com.compiler.TokenGeneratorTest" time="0.004"/>
  <testcase name="testLongestMatchPrinciple" classname="com.compiler.TokenGeneratorTest" time="0.003"/>
  <testcase name="testVariousExpressions(String, String)[1]" classname="com.compiler.TokenGeneratorTest" time="0.033"/>
  <testcase name="testVariousExpressions(String, String)[2]" classname="com.compiler.TokenGeneratorTest" time="0.003"/>
  <testcase name="testVariousExpressions(String, String)[3]" classname="com.compiler.TokenGeneratorTest" time="0.003"/>
  <testcase name="testVariousExpressions(String, String)[4]" classname="com.compiler.TokenGeneratorTest" time="0.002"/>
  <testcase name="testOperatorPrecedence" classname="com.compiler.TokenGeneratorTest" time="0.002"/>
  <testcase name="testCompleteTokenizationBreakdown" classname="com.compiler.TokenGeneratorTest" time="0.017">
    <system-out><![CDATA[=== Complete Tokenization Breakdown ===
Input: "for (var i = 0; i < 10; i = i + 1) { }"
Tokens found:
  [ 0] FOR             'for' (pos 0-3)
  [ 1] LEFT_PAREN      '(' (pos 4-5)
  [ 2] VAR             'var' (pos 5-8)
  [ 3] IDENTIFIER      'i' (pos 9-10)
  [ 4] ASSIGN          '=' (pos 11-12)
  [ 5] NUMBER          '0' (pos 13-14)
  [ 6] SEMICOLON       ';' (pos 14-15)
  [ 7] IDENTIFIER      'i' (pos 16-17)
  [ 8] LESS_THAN       '<' (pos 18-19)
  [ 9] NUMBER          '10' (pos 20-22)
  [10] SEMICOLON       ';' (pos 22-23)
  [11] IDENTIFIER      'i' (pos 24-25)
  [12] ASSIGN          '=' (pos 26-27)
  [13] IDENTIFIER      'i' (pos 28-29)
  [14] PLUS            '+' (pos 30-31)
  [15] NUMBER          '1' (pos 32-33)
  [16] RIGHT_PAREN     ')' (pos 33-34)
  [17] LEFT_BRACE      '{' (pos 35-36)
  [18] RIGHT_BRACE     '}' (pos 37-38)
  [19] EOF             '' (pos 38-38)
]]></system-out>
  </testcase>
  <testcase name="testNumbersAndIdentifiers" classname="com.compiler.TokenGeneratorTest" time="0.003"/>
  <testcase name="testKeywordVsIdentifier" classname="com.compiler.TokenGeneratorTest" time="0.002"/>
  <testcase name="testComplexProgram" classname="com.compiler.TokenGeneratorTest" time="0.006"/>
  <testcase name="testSimpleExpression" classname="com.compiler.TokenGeneratorTest" time="0.002"/>
</testsuite>